# JRE version: Java(TM) SE Runtime Environment (8.0_261-b12) (build 1.8.0_261-b12)
# Java VM: Java HotSpot(TM) 64-Bit Server VM (25.261-b12 mixed mode windows-amd64 compressed oops)
Heap:
 PSYoungGen      total 314368K, used 192679K [0x00000000d5d80000, 0x00000000eda00000, 0x0000000100000000)
  eden space 280064K, 56% used [0x00000000d5d80000,0x00000000df86e900,0x00000000e6f00000)
  from space 34304K, 99% used [0x00000000eb880000,0x00000000ed9bb610,0x00000000eda00000)
  to   space 48640K, 0% used [0x00000000e7b00000,0x00000000e7b00000,0x00000000eaa80000)
 ParOldGen       total 120832K, used 67249K [0x0000000081800000, 0x0000000088e00000, 0x00000000d5d80000)
  object space 120832K, 55% used [0x0000000081800000,0x00000000859ac4e0,0x0000000088e00000)
 Metaspace       used 127015K, capacity 131576K, committed 132056K, reserved 1167360K
  class space    used 13934K, capacity 14787K, committed 14848K, reserved 1048576K
GC Heap History (10 events):
Event: 5007.835 GC heap before
{Heap before GC invocations=77 (full 7):
 PSYoungGen      total 347136K, used 323565K [0x00000000d5d80000, 0x00000000ef500000, 0x0000000100000000)
  eden space 295424K, 100% used [0x00000000d5d80000,0x00000000e7e00000,0x00000000e7e00000)
  from space 51712K, 54% used [0x00000000e7e00000,0x00000000e997b620,0x00000000eb080000)
  to   space 49664K, 0% used [0x00000000ec480000,0x00000000ec480000,0x00000000ef500000)
 ParOldGen       total 120832K, used 67233K [0x0000000081800000, 0x0000000088e00000, 0x00000000d5d80000)
  object space 120832K, 55% used [0x0000000081800000,0x00000000859a84e0,0x0000000088e00000)
 Metaspace       used 126783K, capacity 131256K, committed 131800K, reserved 1167360K
  class space    used 13929K, capacity 14787K, committed 14848K, reserved 1048576K
Event: 5007.884 GC heap after
Heap after GC invocations=77 (full 7):
 PSYoungGen      total 363520K, used 34733K [0x00000000d5d80000, 0x00000000ef300000, 0x0000000100000000)
  eden space 315904K, 0% used [0x00000000d5d80000,0x00000000d5d80000,0x00000000e9200000)
  from space 47616K, 72% used [0x00000000ec480000,0x00000000ee66b608,0x00000000ef300000)
  to   space 49664K, 0% used [0x00000000e9200000,0x00000000e9200000,0x00000000ec280000)
 ParOldGen       total 120832K, used 67241K [0x0000000081800000, 0x0000000088e00000, 0x00000000d5d80000)
  object space 120832K, 55% used [0x0000000081800000,0x00000000859aa4e0,0x0000000088e00000)
 Metaspace       used 126783K, capacity 131256K, committed 131800K, reserved 1167360K
  class space    used 13929K, capacity 14787K, committed 14848K, reserved 1048576K
}
Event: 5147.907 GC heap before
{Heap before GC invocations=78 (full 7):
 PSYoungGen      total 363520K, used 350637K [0x00000000d5d80000, 0x00000000ef300000, 0x0000000100000000)
  eden space 315904K, 100% used [0x00000000d5d80000,0x00000000e9200000,0x00000000e9200000)
  from space 47616K, 72% used [0x00000000ec480000,0x00000000ee66b608,0x00000000ef300000)
  to   space 49664K, 0% used [0x00000000e9200000,0x00000000e9200000,0x00000000ec280000)
 ParOldGen       total 120832K, used 67241K [0x0000000081800000, 0x0000000088e00000, 0x00000000d5d80000)
  object space 120832K, 55% used [0x0000000081800000,0x00000000859aa4e0,0x0000000088e00000)
 Metaspace       used 126783K, capacity 131256K, committed 131800K, reserved 1167360K
  class space    used 13929K, capacity 14787K, committed 14848K, reserved 1048576K
Event: 5147.940 GC heap after
Heap after GC invocations=78 (full 7):
 PSYoungGen      total 365568K, used 34269K [0x00000000d5d80000, 0x00000000f0500000, 0x0000000100000000)
  eden space 315904K, 0% used [0x00000000d5d80000,0x00000000d5d80000,0x00000000e9200000)
  from space 49664K, 69% used [0x00000000e9200000,0x00000000eb377620,0x00000000ec280000)
  to   space 49664K, 0% used [0x00000000ed480000,0x00000000ed480000,0x00000000f0500000)
 ParOldGen       total 120832K, used 67249K [0x0000000081800000, 0x0000000088e00000, 0x00000000d5d80000)
  object space 120832K, 55% used [0x0000000081800000,0x00000000859ac4e0,0x0000000088e00000)
 Metaspace       used 126783K, capacity 131256K, committed 131800K, reserved 1167360K
  class space    used 13929K, capacity 14787K, committed 14848K, reserved 1048576K
}
Event: 5287.945 GC heap before
{Heap before GC invocations=79 (full 7):
 PSYoungGen      total 365568K, used 350173K [0x00000000d5d80000, 0x00000000f0500000, 0x0000000100000000)
  eden space 315904K, 100% used [0x00000000d5d80000,0x00000000e9200000,0x00000000e9200000)
  from space 49664K, 69% used [0x00000000e9200000,0x00000000eb377620,0x00000000ec280000)
  to   space 49664K, 0% used [0x00000000ed480000,0x00000000ed480000,0x00000000f0500000)
 ParOldGen       total 120832K, used 67249K [0x0000000081800000, 0x0000000088e00000, 0x00000000d5d80000)
  object space 120832K, 55% used [0x0000000081800000,0x00000000859ac4e0,0x0000000088e00000)
 Metaspace       used 126785K, capacity 131256K, committed 131800K, reserved 1167360K
  class space    used 13929K, capacity 14787K, committed 14848K, reserved 1048576K
Event: 5288.001 GC heap after
Heap after GC invocations=79 (full 7):
 PSYoungGen      total 337920K, used 34525K [0x00000000d5d80000, 0x00000000ef680000, 0x0000000100000000)
  eden space 303104K, 0% used [0x00000000d5d80000,0x00000000d5d80000,0x00000000e8580000)
  from space 34816K, 99% used [0x00000000ed480000,0x00000000ef637640,0x00000000ef680000)
  to   space 49152K, 0% used [0x00000000e9680000,0x00000000e9680000,0x00000000ec680000)
 ParOldGen       total 120832K, used 67249K [0x0000000081800000, 0x0000000088e00000, 0x00000000d5d80000)
  object space 120832K, 55% used [0x0000000081800000,0x00000000859ac4e0,0x0000000088e00000)
 Metaspace       used 126785K, capacity 131256K, committed 131800K, reserved 1167360K
  class space    used 13929K, capacity 14787K, committed 14848K, reserved 1048576K
}
Event: 5422.863 GC heap before
{Heap before GC invocations=80 (full 7):
 PSYoungGen      total 337920K, used 337629K [0x00000000d5d80000, 0x00000000ef680000, 0x0000000100000000)
  eden space 303104K, 100% used [0x00000000d5d80000,0x00000000e8580000,0x00000000e8580000)
  from space 34816K, 99% used [0x00000000ed480000,0x00000000ef637640,0x00000000ef680000)
  to   space 49152K, 0% used [0x00000000e9680000,0x00000000e9680000,0x00000000ec680000)
 ParOldGen       total 120832K, used 67249K [0x0000000081800000, 0x0000000088e00000, 0x00000000d5d80000)
  object space 120832K, 55% used [0x0000000081800000,0x00000000859ac4e0,0x0000000088e00000)
 Metaspace       used 126785K, capacity 131256K, committed 131800K, reserved 1167360K
  class space    used 13929K, capacity 14787K, committed 14848K, reserved 1048576K
Event: 5422.889 GC heap after
Heap after GC invocations=80 (full 7):
 PSYoungGen      total 326144K, used 34413K [0x00000000d5d80000, 0x00000000eda00000, 0x0000000100000000)
  eden space 291328K, 0% used [0x00000000d5d80000,0x00000000d5d80000,0x00000000e7a00000)
  from space 34816K, 98% used [0x00000000e9680000,0x00000000eb81b610,0x00000000eb880000)
  to   space 34304K, 0% used [0x00000000eb880000,0x00000000eb880000,0x00000000eda00000)
 ParOldGen       total 120832K, used 67249K [0x0000000081800000, 0x0000000088e00000, 0x00000000d5d80000)
  object space 120832K, 55% used [0x0000000081800000,0x00000000859ac4e0,0x0000000088e00000)
 Metaspace       used 126785K, capacity 131256K, committed 131800K, reserved 1167360K
  class space    used 13929K, capacity 14787K, committed 14848K, reserved 1048576K
}
Event: 5554.184 GC heap before
{Heap before GC invocations=81 (full 7):
 PSYoungGen      total 326144K, used 325741K [0x00000000d5d80000, 0x00000000eda00000, 0x0000000100000000)
  eden space 291328K, 100% used [0x00000000d5d80000,0x00000000e7a00000,0x00000000e7a00000)
  from space 34816K, 98% used [0x00000000e9680000,0x00000000eb81b610,0x00000000eb880000)
  to   space 34304K, 0% used [0x00000000eb880000,0x00000000eb880000,0x00000000eda00000)
 ParOldGen       total 120832K, used 67249K [0x0000000081800000, 0x0000000088e00000, 0x00000000d5d80000)
  object space 120832K, 55% used [0x0000000081800000,0x00000000859ac4e0,0x0000000088e00000)
 Metaspace       used 126785K, capacity 131256K, committed 131800K, reserved 1167360K
  class space    used 13929K, capacity 14787K, committed 14848K, reserved 1048576K
Event: 5554.225 GC heap after
Heap after GC invocations=81 (full 7):
 PSYoungGen      total 314368K, used 34029K [0x00000000d5d80000, 0x00000000eda00000, 0x0000000100000000)
  eden space 280064K, 0% used [0x00000000d5d80000,0x00000000d5d80000,0x00000000e6f00000)
  from space 34304K, 99% used [0x00000000eb880000,0x00000000ed9bb610,0x00000000eda00000)
  to   space 48640K, 0% used [0x00000000e7b00000,0x00000000e7b00000,0x00000000eaa80000)
 ParOldGen       total 120832K, used 67249K [0x0000000081800000, 0x0000000088e00000, 0x00000000d5d80000)
  object space 120832K, 55% used [0x0000000081800000,0x00000000859ac4e0,0x0000000088e00000)
 Metaspace       used 126785K, capacity 131256K, committed 131800K, reserved 1167360K
  class space    used 13929K, capacity 14787K, committed 14848K, reserved 1048576K
}

